        -:    0:Source:dominion.c
        -:    0:Graph:dominion.gcno
        -:    0:Data:dominion.gcda
        -:    0:Runs:3
        -:    0:Programs:3
        -:    1:#include "dominion.h"
        -:    2:#include "dominion_helpers.h"
        -:    3:#include "rngs.h"
        -:    4:#include <stdio.h>
        -:    5:#include <math.h>
        -:    6:#include <stdlib.h>
        -:    7:
function compare called 0 returned 0% blocks executed 0%
    #####:    8:int compare(const void* a, const void* b) {
    #####:    9:    if (*(int*)a > *(int*)b)
branch  0 never executed
branch  1 never executed
    #####:   10:        return 1;
    #####:   11:    if (*(int*)a < *(int*)b)
branch  0 never executed
branch  1 never executed
    #####:   12:        return -1;
    #####:   13:    return 0;
        -:   14:}
        -:   15:
function newGame called 0 returned 0% blocks executed 0%
    #####:   16:struct gameState* newGame() {
    #####:   17:    struct gameState* g = malloc(sizeof(struct gameState));
    #####:   18:    return g;
        -:   19:}
        -:   20:
function kingdomCards called 0 returned 0% blocks executed 0%
    #####:   21:int* kingdomCards(int k1, int k2, int k3, int k4, int k5, int k6, int k7,
        -:   22:                  int k8, int k9, int k10) {
    #####:   23:    int* k = malloc(10 * sizeof(int));
    #####:   24:    k[0] = k1;
    #####:   25:    k[1] = k2;
    #####:   26:    k[2] = k3;
    #####:   27:    k[3] = k4;
    #####:   28:    k[4] = k5;
    #####:   29:    k[5] = k6;
    #####:   30:    k[6] = k7;
    #####:   31:    k[7] = k8;
    #####:   32:    k[8] = k9;
    #####:   33:    k[9] = k10;
    #####:   34:    return k;
        -:   35:}
        -:   36:
function initializeGame called 0 returned 0% blocks executed 0%
    #####:   37:int initializeGame(int numPlayers, int kingdomCards[10], int randomSeed,
        -:   38:                   struct gameState *state) {
        -:   39:    int i;
        -:   40:    int j;
        -:   41:    int it;
        -:   42:
        -:   43:    //set up random number generator
    #####:   44:    SelectStream(1);
call    0 never executed
    #####:   45:    PutSeed((long)randomSeed);
call    0 never executed
        -:   46:
        -:   47:    //check number of players
    #####:   48:    if (numPlayers > MAX_PLAYERS || numPlayers < 2)
branch  0 never executed
branch  1 never executed
branch  2 never executed
branch  3 never executed
        -:   49:    {
    #####:   50:        return -1;
        -:   51:    }
        -:   52:
        -:   53:    //set number of players
    #####:   54:    state->numPlayers = numPlayers;
        -:   55:
        -:   56:    //check selected kingdom cards are different
    #####:   57:    for (i = 0; i < 10; i++)
branch  0 never executed
branch  1 never executed
        -:   58:    {
    #####:   59:        for (j = 0; j < 10; j++)
branch  0 never executed
branch  1 never executed
        -:   60:        {
    #####:   61:            if (j != i && kingdomCards[j] == kingdomCards[i])
branch  0 never executed
branch  1 never executed
branch  2 never executed
branch  3 never executed
        -:   62:            {
    #####:   63:                return -1;
        -:   64:            }
        -:   65:        }
        -:   66:    }
        -:   67:
        -:   68:
        -:   69:    //initialize supply
        -:   70:    ///////////////////////////////
        -:   71:
        -:   72:    //set number of Curse cards
    #####:   73:    if (numPlayers == 2)
branch  0 never executed
branch  1 never executed
        -:   74:    {
    #####:   75:        state->supplyCount[curse] = 10;
        -:   76:    }
    #####:   77:    else if (numPlayers == 3)
branch  0 never executed
branch  1 never executed
        -:   78:    {
    #####:   79:        state->supplyCount[curse] = 20;
        -:   80:    }
        -:   81:    else
        -:   82:    {
    #####:   83:        state->supplyCount[curse] = 30;
        -:   84:    }
        -:   85:
        -:   86:    //set number of Victory cards
    #####:   87:    if (numPlayers == 2)
branch  0 never executed
branch  1 never executed
        -:   88:    {
    #####:   89:        state->supplyCount[estate] = 8;
    #####:   90:        state->supplyCount[duchy] = 8;
    #####:   91:        state->supplyCount[province] = 8;
        -:   92:    }
        -:   93:    else
        -:   94:    {
    #####:   95:        state->supplyCount[estate] = 12;
    #####:   96:        state->supplyCount[duchy] = 12;
    #####:   97:        state->supplyCount[province] = 12;
        -:   98:    }
        -:   99:
        -:  100:    //set number of Treasure cards
    #####:  101:    state->supplyCount[copper] = 60 - (7 * numPlayers);
    #####:  102:    state->supplyCount[silver] = 40;
    #####:  103:    state->supplyCount[gold] = 30;
        -:  104:
        -:  105:    //set number of Kingdom cards
    #####:  106:    for (i = adventurer; i <= treasure_map; i++)       	//loop all cards
branch  0 never executed
branch  1 never executed
        -:  107:    {
    #####:  108:        for (j = 0; j < 10; j++)           		//loop chosen cards
branch  0 never executed
branch  1 never executed
        -:  109:        {
    #####:  110:            if (kingdomCards[j] == i)
branch  0 never executed
branch  1 never executed
        -:  111:            {
        -:  112:                //check if card is a 'Victory' Kingdom card
    #####:  113:                if (kingdomCards[j] == great_hall || kingdomCards[j] == gardens)
branch  0 never executed
branch  1 never executed
branch  2 never executed
branch  3 never executed
        -:  114:                {
    #####:  115:                    if (numPlayers == 2) {
branch  0 never executed
branch  1 never executed
    #####:  116:                        state->supplyCount[i] = 8;
        -:  117:                    }
        -:  118:                    else {
    #####:  119:                        state->supplyCount[i] = 12;
        -:  120:                    }
        -:  121:                }
        -:  122:                else
        -:  123:                {
    #####:  124:                    state->supplyCount[i] = 10;
        -:  125:                }
    #####:  126:                break;
        -:  127:            }
        -:  128:            else    //card is not in the set choosen for the game
        -:  129:            {
    #####:  130:                state->supplyCount[i] = -1;
        -:  131:            }
        -:  132:        }
        -:  133:
        -:  134:    }
        -:  135:
        -:  136:    ////////////////////////
        -:  137:    //supply intilization complete
        -:  138:
        -:  139:    //set player decks
    #####:  140:    for (i = 0; i < numPlayers; i++)
branch  0 never executed
branch  1 never executed
        -:  141:    {
    #####:  142:        state->deckCount[i] = 0;
    #####:  143:        for (j = 0; j < 3; j++)
branch  0 never executed
branch  1 never executed
        -:  144:        {
    #####:  145:            state->deck[i][j] = estate;
    #####:  146:            state->deckCount[i]++;
        -:  147:        }
    #####:  148:        for (j = 3; j < 10; j++)
branch  0 never executed
branch  1 never executed
        -:  149:        {
    #####:  150:            state->deck[i][j] = copper;
    #####:  151:            state->deckCount[i]++;
        -:  152:        }
        -:  153:    }
        -:  154:
        -:  155:    //shuffle player decks
    #####:  156:    for (i = 0; i < numPlayers; i++)
branch  0 never executed
branch  1 never executed
        -:  157:    {
    #####:  158:        if ( shuffle(i, state) < 0 )
call    0 never executed
branch  1 never executed
branch  2 never executed
        -:  159:        {
    #####:  160:            return -1;
        -:  161:        }
        -:  162:    }
        -:  163:
        -:  164:    //draw player hands
    #####:  165:    for (i = 0; i < numPlayers; i++)
branch  0 never executed
branch  1 never executed
        -:  166:    {
        -:  167:        //initialize hand size to zero
    #####:  168:        state->handCount[i] = 0;
    #####:  169:        state->discardCount[i] = 0;
        -:  170:        //draw 5 cards
        -:  171:        // for (j = 0; j < 5; j++)
        -:  172:        //	{
        -:  173:        //	  drawCard(i, state);
        -:  174:        //	}
        -:  175:    }
        -:  176:
        -:  177:    //set embargo tokens to 0 for all supply piles
    #####:  178:    for (i = 0; i <= treasure_map; i++)
branch  0 never executed
branch  1 never executed
        -:  179:    {
    #####:  180:        state->embargoTokens[i] = 0;
        -:  181:    }
        -:  182:
        -:  183:    //initialize first player's turn
    #####:  184:    state->outpostPlayed = 0;
    #####:  185:    state->phase = 0;
    #####:  186:    state->numActions = 1;
    #####:  187:    state->numBuys = 1;
    #####:  188:    state->playedCardCount = 0;
    #####:  189:    state->whoseTurn = 0;
    #####:  190:    state->handCount[state->whoseTurn] = 0;
        -:  191:    //int it; move to top
        -:  192:
        -:  193:    //Moved draw cards to here, only drawing at the start of a turn
    #####:  194:    for (it = 0; it < 5; it++) {
branch  0 never executed
branch  1 never executed
    #####:  195:        drawCard(state->whoseTurn, state);
call    0 never executed
        -:  196:    }
        -:  197:
    #####:  198:    updateCoins(state->whoseTurn, state, 0);
call    0 never executed
        -:  199:
    #####:  200:    return 0;
        -:  201:}
        -:  202:
function shuffle called 4 returned 100% blocks executed 25%
        4:  203:int shuffle(int player, struct gameState *state) {
        -:  204:
        -:  205:
        -:  206:    int newDeck[MAX_DECK];
        4:  207:    int newDeckPos = 0;
        -:  208:    int card;
        -:  209:    int i;
        -:  210:
        4:  211:    if (state->deckCount[player] < 1)
branch  0 taken 100% (fallthrough)
branch  1 taken 0%
        4:  212:        return -1;
    #####:  213:    qsort ((void*)(state->deck[player]), state->deckCount[player], sizeof(int), compare);
call    0 never executed
        -:  214:    /* SORT CARDS IN DECK TO ENSURE DETERMINISM! */
        -:  215:
    #####:  216:    while (state->deckCount[player] > 0) {
branch  0 never executed
branch  1 never executed
    #####:  217:        card = floor(Random() * state->deckCount[player]);
call    0 never executed
    #####:  218:        newDeck[newDeckPos] = state->deck[player][card];
    #####:  219:        newDeckPos++;
    #####:  220:        for (i = card; i < state->deckCount[player]-1; i++) {
branch  0 never executed
branch  1 never executed
    #####:  221:            state->deck[player][i] = state->deck[player][i+1];
        -:  222:        }
    #####:  223:        state->deckCount[player]--;
        -:  224:    }
    #####:  225:    for (i = 0; i < newDeckPos; i++) {
branch  0 never executed
branch  1 never executed
    #####:  226:        state->deck[player][i] = newDeck[i];
    #####:  227:        state->deckCount[player]++;
        -:  228:    }
        -:  229:
    #####:  230:    return 0;
        -:  231:}
        -:  232:
function playCard called 0 returned 0% blocks executed 0%
    #####:  233:int playCard(int handPos, int choice1, int choice2, int choice3, struct gameState *state)
        -:  234:{
        -:  235:    int card;
    #####:  236:    int coin_bonus = 0; 		//tracks coins gain from actions
        -:  237:
        -:  238:    //check if it is the right phase
    #####:  239:    if (state->phase != 0)
branch  0 never executed
branch  1 never executed
        -:  240:    {
    #####:  241:        return -1;
        -:  242:    }
        -:  243:
        -:  244:    //check if player has enough actions
    #####:  245:    if ( state->numActions < 1 )
branch  0 never executed
branch  1 never executed
        -:  246:    {
    #####:  247:        return -1;
        -:  248:    }
        -:  249:
        -:  250:    //get card played
    #####:  251:    card = handCard(handPos, state);
call    0 never executed
        -:  252:
        -:  253:    //check if selected card is an action
    #####:  254:    if ( card < adventurer || card > treasure_map )
branch  0 never executed
branch  1 never executed
branch  2 never executed
branch  3 never executed
        -:  255:    {
    #####:  256:        return -1;
        -:  257:    }
        -:  258:
        -:  259:    //play card
    #####:  260:    if ( cardEffect(card, choice1, choice2, choice3, state, handPos, &coin_bonus) < 0 )
call    0 never executed
branch  1 never executed
branch  2 never executed
        -:  261:    {
    #####:  262:        return -1;
        -:  263:    }
        -:  264:
        -:  265:    //reduce number of actions
    #####:  266:    state->numActions--;
        -:  267:
        -:  268:    //update coins (Treasure cards may be added with card draws)
    #####:  269:    updateCoins(state->whoseTurn, state, coin_bonus);
call    0 never executed
        -:  270:
    #####:  271:    return 0;
        -:  272:}
        -:  273:
function buyCard called 0 returned 0% blocks executed 0%
    #####:  274:int buyCard(int supplyPos, struct gameState *state) {
        -:  275:    int who;
        -:  276:    if (DEBUG) {
        -:  277:        printf("Entering buyCard...\n");
        -:  278:    }
        -:  279:
        -:  280:    // I don't know what to do about the phase thing.
        -:  281:
    #####:  282:    who = state->whoseTurn;
        -:  283:
    #####:  284:    if (state->numBuys < 1) {
branch  0 never executed
branch  1 never executed
        -:  285:        if (DEBUG)
        -:  286:            printf("You do not have any buys left\n");
    #####:  287:        return -1;
    #####:  288:    } else if (supplyCount(supplyPos, state) <1) {
call    0 never executed
branch  1 never executed
branch  2 never executed
        -:  289:        if (DEBUG)
        -:  290:            printf("There are not any of that type of card left\n");
    #####:  291:        return -1;
    #####:  292:    } else if (state->coins < getCost(supplyPos)) {
call    0 never executed
branch  1 never executed
branch  2 never executed
        -:  293:        if (DEBUG)
        -:  294:            printf("You do not have enough money to buy that. You have %d coins.\n", state->coins);
    #####:  295:        return -1;
        -:  296:    } else {
    #####:  297:        state->phase=1;
        -:  298:        //state->supplyCount[supplyPos]--;
    #####:  299:        gainCard(supplyPos, state, 0, who); //card goes in discard, this might be wrong.. (2 means goes into hand, 0 goes into discard)
call    0 never executed
        -:  300:
    #####:  301:        state->coins = (state->coins) - (getCost(supplyPos));
call    0 never executed
    #####:  302:        state->numBuys--;
        -:  303:        if (DEBUG)
        -:  304:            printf("You bought card number %d for %d coins. You now have %d buys and %d coins.\n", supplyPos, getCost(supplyPos), state->numBuys, state->coins);
        -:  305:    }
        -:  306:
        -:  307:    //state->discard[who][state->discardCount[who]] = supplyPos;
        -:  308:    //state->discardCount[who]++;
        -:  309:
    #####:  310:    return 0;
        -:  311:}
        -:  312:
function numHandCards called 4 returned 100% blocks executed 100%
        4:  313:int numHandCards(struct gameState *state) {
        4:  314:    return state->handCount[ whoseTurn(state) ];
call    0 returned 100%
        -:  315:}
        -:  316:
function handCard called 0 returned 0% blocks executed 0%
    #####:  317:int handCard(int handPos, struct gameState *state) {
    #####:  318:    int currentPlayer = whoseTurn(state);
call    0 never executed
    #####:  319:    return state->hand[currentPlayer][handPos];
        -:  320:}
        -:  321:
function supplyCount called 0 returned 0% blocks executed 0%
    #####:  322:int supplyCount(int card, struct gameState *state) {
    #####:  323:    return state->supplyCount[card];
        -:  324:}
        -:  325:
function fullDeckCount called 0 returned 0% blocks executed 0%
    #####:  326:int fullDeckCount(int player, int card, struct gameState *state) {
        -:  327:    int i;
    #####:  328:    int count = 0;
        -:  329:
    #####:  330:    for (i = 0; i < state->deckCount[player]; i++)
branch  0 never executed
branch  1 never executed
        -:  331:    {
    #####:  332:        if (state->deck[player][i] == card) count++;
branch  0 never executed
branch  1 never executed
        -:  333:    }
        -:  334:
    #####:  335:    for (i = 0; i < state->handCount[player]; i++)
branch  0 never executed
branch  1 never executed
        -:  336:    {
    #####:  337:        if (state->hand[player][i] == card) count++;
branch  0 never executed
branch  1 never executed
        -:  338:    }
        -:  339:
    #####:  340:    for (i = 0; i < state->discardCount[player]; i++)
branch  0 never executed
branch  1 never executed
        -:  341:    {
    #####:  342:        if (state->discard[player][i] == card) count++;
branch  0 never executed
branch  1 never executed
        -:  343:    }
        -:  344:
    #####:  345:    return count;
        -:  346:}
        -:  347:
function whoseTurn called 4 returned 100% blocks executed 100%
        4:  348:int whoseTurn(struct gameState *state) {
        4:  349:    return state->whoseTurn;
        -:  350:}
        -:  351:
function endTurn called 0 returned 0% blocks executed 0%
    #####:  352:int endTurn(struct gameState *state) {
        -:  353:    int k;
        -:  354:    int i;
    #####:  355:    int currentPlayer = whoseTurn(state);
call    0 never executed
        -:  356:
        -:  357:    //Discard hand
    #####:  358:    for (i = 0; i < state->handCount[currentPlayer]; i++) {
branch  0 never executed
branch  1 never executed
    #####:  359:        state->discard[currentPlayer][state->discardCount[currentPlayer]++] = state->hand[currentPlayer][i];//Discard
    #####:  360:        state->hand[currentPlayer][i] = -1;//Set card to -1
        -:  361:    }
    #####:  362:    state->handCount[currentPlayer] = 0;//Reset hand count
        -:  363:
        -:  364:    //Code for determining the player
    #####:  365:    if (currentPlayer < (state->numPlayers - 1)) {
branch  0 never executed
branch  1 never executed
    #####:  366:        state->whoseTurn = currentPlayer + 1;//Still safe to increment
        -:  367:    }
        -:  368:    else {
    #####:  369:        state->whoseTurn = 0;//Max player has been reached, loop back around to player 1
        -:  370:    }
        -:  371:
    #####:  372:    state->outpostPlayed = 0;
    #####:  373:    state->phase = 0;
    #####:  374:    state->numActions = 1;
    #####:  375:    state->coins = 0;
    #####:  376:    state->numBuys = 1;
    #####:  377:    state->playedCardCount = 0;
    #####:  378:    state->handCount[state->whoseTurn] = 0;
        -:  379:
        -:  380:    //int k; move to top
        -:  381:    //Next player draws hand
    #####:  382:    for (k = 0; k < 5; k++) {
branch  0 never executed
branch  1 never executed
    #####:  383:        drawCard(state->whoseTurn, state);//Draw a card
call    0 never executed
        -:  384:    }
        -:  385:
        -:  386:    //Update money
    #####:  387:    updateCoins(state->whoseTurn, state, 0);
call    0 never executed
        -:  388:
    #####:  389:    return 0;
        -:  390:}
        -:  391:
function isGameOver called 0 returned 0% blocks executed 0%
    #####:  392:int isGameOver(struct gameState *state) {
        -:  393:    int i;
        -:  394:    int j;
        -:  395:
        -:  396:    //if stack of Province cards is empty, the game ends
    #####:  397:    if (state->supplyCount[province] == 0)
branch  0 never executed
branch  1 never executed
        -:  398:    {
    #####:  399:        return 1;
        -:  400:    }
        -:  401:
        -:  402:    //if three supply pile are at 0, the game ends
    #####:  403:    j = 0;
    #####:  404:    for (i = 0; i < 25; i++)
branch  0 never executed
branch  1 never executed
        -:  405:    {
    #####:  406:        if (state->supplyCount[i] == 0)
branch  0 never executed
branch  1 never executed
        -:  407:        {
    #####:  408:            j++;
        -:  409:        }
        -:  410:    }
    #####:  411:    if ( j >= 3)
branch  0 never executed
branch  1 never executed
        -:  412:    {
    #####:  413:        return 1;
        -:  414:    }
        -:  415:
    #####:  416:    return 0;
        -:  417:}
        -:  418:
function scoreFor called 0 returned 0% blocks executed 0%
    #####:  419:int scoreFor (int player, struct gameState *state) {
        -:  420:
        -:  421:    int i;
    #####:  422:    int score = 0;
        -:  423:    //score from hand
    #####:  424:    for (i = 0; i < state->handCount[player]; i++)
branch  0 never executed
branch  1 never executed
        -:  425:    {
    #####:  426:        if (state->hand[player][i] == curse) {
branch  0 never executed
branch  1 never executed
    #####:  427:            score = score - 1;
        -:  428:        };
    #####:  429:        if (state->hand[player][i] == estate) {
branch  0 never executed
branch  1 never executed
    #####:  430:            score = score + 1;
        -:  431:        };
    #####:  432:        if (state->hand[player][i] == duchy) {
branch  0 never executed
branch  1 never executed
    #####:  433:            score = score + 3;
        -:  434:        };
    #####:  435:        if (state->hand[player][i] == province) {
branch  0 never executed
branch  1 never executed
    #####:  436:            score = score + 6;
        -:  437:        };
    #####:  438:        if (state->hand[player][i] == great_hall) {
branch  0 never executed
branch  1 never executed
    #####:  439:            score = score + 1;
        -:  440:        };
    #####:  441:        if (state->hand[player][i] == gardens) {
branch  0 never executed
branch  1 never executed
    #####:  442:            score = score + ( fullDeckCount(player, 0, state) / 10 );
call    0 never executed
        -:  443:        };
        -:  444:    }
        -:  445:
        -:  446:    //score from discard
    #####:  447:    for (i = 0; i < state->discardCount[player]; i++)
branch  0 never executed
branch  1 never executed
        -:  448:    {
    #####:  449:        if (state->discard[player][i] == curse) {
branch  0 never executed
branch  1 never executed
    #####:  450:            score = score - 1;
        -:  451:        };
    #####:  452:        if (state->discard[player][i] == estate) {
branch  0 never executed
branch  1 never executed
    #####:  453:            score = score + 1;
        -:  454:        };
    #####:  455:        if (state->discard[player][i] == duchy) {
branch  0 never executed
branch  1 never executed
    #####:  456:            score = score + 3;
        -:  457:        };
    #####:  458:        if (state->discard[player][i] == province) {
branch  0 never executed
branch  1 never executed
    #####:  459:            score = score + 6;
        -:  460:        };
    #####:  461:        if (state->discard[player][i] == great_hall) {
branch  0 never executed
branch  1 never executed
    #####:  462:            score = score + 1;
        -:  463:        };
    #####:  464:        if (state->discard[player][i] == gardens) {
branch  0 never executed
branch  1 never executed
    #####:  465:            score = score + ( fullDeckCount(player, 0, state) / 10 );
call    0 never executed
        -:  466:        };
        -:  467:    }
        -:  468:
        -:  469:    //score from deck
    #####:  470:    for (i = 0; i < state->discardCount[player]; i++)
branch  0 never executed
branch  1 never executed
        -:  471:    {
    #####:  472:        if (state->deck[player][i] == curse) {
branch  0 never executed
branch  1 never executed
    #####:  473:            score = score - 1;
        -:  474:        };
    #####:  475:        if (state->deck[player][i] == estate) {
branch  0 never executed
branch  1 never executed
    #####:  476:            score = score + 1;
        -:  477:        };
    #####:  478:        if (state->deck[player][i] == duchy) {
branch  0 never executed
branch  1 never executed
    #####:  479:            score = score + 3;
        -:  480:        };
    #####:  481:        if (state->deck[player][i] == province) {
branch  0 never executed
branch  1 never executed
    #####:  482:            score = score + 6;
        -:  483:        };
    #####:  484:        if (state->deck[player][i] == great_hall) {
branch  0 never executed
branch  1 never executed
    #####:  485:            score = score + 1;
        -:  486:        };
    #####:  487:        if (state->deck[player][i] == gardens) {
branch  0 never executed
branch  1 never executed
    #####:  488:            score = score + ( fullDeckCount(player, 0, state) / 10 );
call    0 never executed
        -:  489:        };
        -:  490:    }
        -:  491:
    #####:  492:    return score;
        -:  493:}
        -:  494:
function getWinners called 0 returned 0% blocks executed 0%
    #####:  495:int getWinners(int players[MAX_PLAYERS], struct gameState *state) {
        -:  496:    int i;
        -:  497:    int j;
        -:  498:    int highScore;
        -:  499:    int currentPlayer;
        -:  500:
        -:  501:    //get score for each player
    #####:  502:    for (i = 0; i < MAX_PLAYERS; i++)
branch  0 never executed
branch  1 never executed
        -:  503:    {
        -:  504:        //set unused player scores to -9999
    #####:  505:        if (i >= state->numPlayers)
branch  0 never executed
branch  1 never executed
        -:  506:        {
    #####:  507:            players[i] = -9999;
        -:  508:        }
        -:  509:        else
        -:  510:        {
    #####:  511:            players[i] = scoreFor (i, state);
call    0 never executed
        -:  512:        }
        -:  513:    }
        -:  514:
        -:  515:    //find highest score
    #####:  516:    j = 0;
    #####:  517:    for (i = 0; i < MAX_PLAYERS; i++)
branch  0 never executed
branch  1 never executed
        -:  518:    {
    #####:  519:        if (players[i] > players[j])
branch  0 never executed
branch  1 never executed
        -:  520:        {
    #####:  521:            j = i;
        -:  522:        }
        -:  523:    }
    #####:  524:    highScore = players[j];
        -:  525:
        -:  526:    //add 1 to players who had less turns
    #####:  527:    currentPlayer = whoseTurn(state);
call    0 never executed
    #####:  528:    for (i = 0; i < MAX_PLAYERS; i++)
branch  0 never executed
branch  1 never executed
        -:  529:    {
    #####:  530:        if ( players[i] == highScore && i > currentPlayer )
branch  0 never executed
branch  1 never executed
branch  2 never executed
branch  3 never executed
        -:  531:        {
    #####:  532:            players[i]++;
        -:  533:        }
        -:  534:    }
        -:  535:
        -:  536:    //find new highest score
    #####:  537:    j = 0;
    #####:  538:    for (i = 0; i < MAX_PLAYERS; i++)
branch  0 never executed
branch  1 never executed
        -:  539:    {
    #####:  540:        if ( players[i] > players[j] )
branch  0 never executed
branch  1 never executed
        -:  541:        {
    #####:  542:            j = i;
        -:  543:        }
        -:  544:    }
    #####:  545:    highScore = players[j];
        -:  546:
        -:  547:    //set winners in array to 1 and rest to 0
    #####:  548:    for (i = 0; i < MAX_PLAYERS; i++)
branch  0 never executed
branch  1 never executed
        -:  549:    {
    #####:  550:        if ( players[i] == highScore )
branch  0 never executed
branch  1 never executed
        -:  551:        {
    #####:  552:            players[i] = 1;
        -:  553:        }
        -:  554:        else
        -:  555:        {
    #####:  556:            players[i] = 0;
        -:  557:        }
        -:  558:    }
        -:  559:
    #####:  560:    return 0;
        -:  561:}
        -:  562:
function drawCard called 4 returned 100% blocks executed 62%
        4:  563:int drawCard(int player, struct gameState *state)
        -:  564:{   int count;
        -:  565:    int deckCounter;
        4:  566:    if (state->deckCount[player] <= 0) { //Deck is empty
branch  0 taken 100% (fallthrough)
branch  1 taken 0%
        -:  567:
        -:  568:        //Step 1 Shuffle the discard pile back into a deck
        -:  569:        int i;
        -:  570:        //Move discard to deck
        4:  571:        for (i = 0; i < state->discardCount[player]; i++) {
branch  0 taken 0%
branch  1 taken 100% (fallthrough)
    #####:  572:            state->deck[player][i] = state->discard[player][i];
    #####:  573:            state->discard[player][i] = -1;
        -:  574:        }
        -:  575:
        4:  576:        state->deckCount[player] = state->discardCount[player];
        4:  577:        state->discardCount[player] = 0;//Reset discard
        -:  578:
        -:  579:        //Shufffle the deck
        4:  580:        shuffle(player, state);//Shuffle the deck up and make it so that we can draw
call    0 returned 100%
        -:  581:
        -:  582:        if (DEBUG) { //Debug statements
        -:  583:            printf("Deck count now: %d\n", state->deckCount[player]);
        -:  584:        }
        -:  585:
        4:  586:        state->discardCount[player] = 0;
        -:  587:
        -:  588:        //Step 2 Draw Card
        4:  589:        count = state->handCount[player];//Get current player's hand count
        -:  590:
        -:  591:        if (DEBUG) { //Debug statements
        -:  592:            printf("Current hand count: %d\n", count);
        -:  593:        }
        -:  594:
        4:  595:        deckCounter = state->deckCount[player];//Create a holder for the deck count
        -:  596:
        4:  597:        if (deckCounter == 0)
branch  0 taken 100% (fallthrough)
branch  1 taken 0%
        4:  598:            return -1;
        -:  599:
    #####:  600:        state->hand[player][count] = state->deck[player][deckCounter - 1];//Add card to hand
    #####:  601:        state->deckCount[player]--;
    #####:  602:        state->handCount[player]++;//Increment hand count
        -:  603:    }
        -:  604:
        -:  605:    else {
    #####:  606:        int count = state->handCount[player];//Get current hand count for player
        -:  607:        int deckCounter;
        -:  608:        if (DEBUG) { //Debug statements
        -:  609:            printf("Current hand count: %d\n", count);
        -:  610:        }
        -:  611:
    #####:  612:        deckCounter = state->deckCount[player];//Create holder for the deck count
    #####:  613:        state->hand[player][count] = state->deck[player][deckCounter - 1];//Add card to the hand
    #####:  614:        state->deckCount[player]--;
    #####:  615:        state->handCount[player]++;//Increment hand count
        -:  616:    }
        -:  617:
    #####:  618:    return 0;
        -:  619:}
        -:  620:
function getCost called 6 returned 100% blocks executed 13%
        6:  621:int getCost(int cardNumber)
        -:  622:{
        6:  623:    switch( cardNumber )
branch  0 taken 83%
branch  1 taken 17%
branch  2 taken 0%
branch  3 taken 0%
branch  4 taken 0%
branch  5 taken 0%
branch  6 taken 0%
branch  7 taken 0%
branch  8 taken 0%
branch  9 taken 0%
branch 10 taken 0%
branch 11 taken 0%
branch 12 taken 0%
branch 13 taken 0%
branch 14 taken 0%
branch 15 taken 0%
branch 16 taken 0%
branch 17 taken 0%
branch 18 taken 0%
branch 19 taken 0%
branch 20 taken 0%
branch 21 taken 0%
branch 22 taken 0%
branch 23 taken 0%
branch 24 taken 0%
branch 25 taken 0%
branch 26 taken 0%
branch 27 taken 0%
        -:  624:    {
        -:  625:    case curse:
        5:  626:        return 0;
        -:  627:    case estate:
        1:  628:        return 2;
        -:  629:    case duchy:
    #####:  630:        return 5;
        -:  631:    case province:
    #####:  632:        return 8;
        -:  633:    case copper:
    #####:  634:        return 0;
        -:  635:    case silver:
    #####:  636:        return 3;
        -:  637:    case gold:
    #####:  638:        return 6;
        -:  639:    case adventurer:
    #####:  640:        return 6;
        -:  641:    case council_room:
    #####:  642:        return 5;
        -:  643:    case feast:
    #####:  644:        return 4;
        -:  645:    case gardens:
    #####:  646:        return 4;
        -:  647:    case mine:
    #####:  648:        return 5;
        -:  649:    case remodel:
    #####:  650:        return 4;
        -:  651:    case smithy:
    #####:  652:        return 4;
        -:  653:    case village:
    #####:  654:        return 3;
        -:  655:    case baron:
    #####:  656:        return 4;
        -:  657:    case great_hall:
    #####:  658:        return 3;
        -:  659:    case minion:
    #####:  660:        return 5;
        -:  661:    case steward:
    #####:  662:        return 3;
        -:  663:    case tribute:
    #####:  664:        return 5;
        -:  665:    case ambassador:
    #####:  666:        return 3;
        -:  667:    case cutpurse:
    #####:  668:        return 4;
        -:  669:    case embargo:
    #####:  670:        return 2;
        -:  671:    case outpost:
    #####:  672:        return 5;
        -:  673:    case salvager:
    #####:  674:        return 4;
        -:  675:    case sea_hag:
    #####:  676:        return 4;
        -:  677:    case treasure_map:
    #####:  678:        return 4;
        -:  679:    }
        -:  680:
    #####:  681:    return -1;
        -:  682:}
        -:  683:
function baronCardEffect called 0 returned 0% blocks executed 0%
    #####:  684:int baronCardEffect(int baronChoice, struct gameState * state, int currentPlayer){
        -:  685:  int p;
        -:  686:  int card_not_discarded;
    #####:  687:  state->numBuys++;//Increase buys by 1!
    #####:  688:  if (baronChoice > 0) { //Boolean true or going to discard an estate
branch  0 never executed
branch  1 never executed
    #####:  689:      p = 1;//Iterator for hand!
    #####:  690:      card_not_discarded = 1;//Flag for discard set!
    #####:  691:      while(card_not_discarded) {
branch  0 never executed
branch  1 never executed
    #####:  692:          if (state->hand[currentPlayer][p] == estate) { //Found an estate card!
branch  0 never executed
branch  1 never executed
    #####:  693:              state->coins += 4;//Add 4 coins to the amount of coins
    #####:  694:              state->discard[currentPlayer][state->discardCount[currentPlayer]] = state->hand[currentPlayer][p];
    #####:  695:              state->discardCount[currentPlayer]++;
    #####:  696:              for (; p <= state->handCount[currentPlayer]; p++) {
branch  0 never executed
branch  1 never executed
    #####:  697:                  state->hand[currentPlayer][p] = state->hand[currentPlayer][p+1];
        -:  698:              }
    #####:  699:              state->hand[currentPlayer][state->handCount[currentPlayer]] = -1;
    #####:  700:              state->handCount[currentPlayer]--;
    #####:  701:              card_not_discarded = 0;//Exit the loop
        -:  702:          }
    #####:  703:          else if (p > state->handCount[currentPlayer]) {
branch  0 never executed
branch  1 never executed
        -:  704:              if(DEBUG) {
        -:  705:                  printf("No estate cards in your hand, invalid choice\n");
        -:  706:                  printf("Must gain an estate if there are any\n");
        -:  707:              }
    #####:  708:              if (supplyCount(estate, state) > 0) {
call    0 never executed
branch  1 never executed
branch  2 never executed
    #####:  709:                  gainCard(estate, state, 0, currentPlayer);
call    0 never executed
        -:  710:
    #####:  711:                  state->supplyCount[estate]--;//Decrement estates
    #####:  712:                  if (supplyCount(estate, state) == 0) {
call    0 never executed
branch  1 never executed
branch  2 never executed
    #####:  713:                      isGameOver(state);
call    0 never executed
        -:  714:                  }
        -:  715:              }
    #####:  716:              card_not_discarded = 0;//Exit the loop
        -:  717:          }
        -:  718:
        -:  719:          else {
    #####:  720:              p++;//Next card
        -:  721:          }
        -:  722:      }
        -:  723:  }
        -:  724:
        -:  725:  else {
    #####:  726:      if (supplyCount(estate, state) > 0) {
call    0 never executed
branch  1 never executed
branch  2 never executed
    #####:  727:          gainCard(estate, state, 0, currentPlayer);//Gain an estate
call    0 never executed
        -:  728:
    #####:  729:          state->supplyCount[estate]--;//Decrement Estates
    #####:  730:          if (supplyCount(estate, state) == 0) {
call    0 never executed
branch  1 never executed
branch  2 never executed
    #####:  731:              isGameOver(state);
call    0 never executed
        -:  732:          }
        -:  733:      }
        -:  734:  }
        -:  735:
        -:  736:
    #####:  737:  return 0;
        -:  738:}
        -:  739:
function mineCardEffect called 8 returned 100% blocks executed 53%
        8:  740:int mineCardEffect(int mineChoiceOne, int mineChoiceTwo, int currentPlayer, int handPos, struct gameState *state){
        -:  741:  int i;
        8:  742:  int j = state->hand[currentPlayer][mineChoiceOne];  //store card we will trash
        -:  743:
        8:  744:  if (state->hand[currentPlayer][mineChoiceTwo] < copper || state->hand[currentPlayer][mineChoiceOne] > gold)
branch  0 taken 63% (fallthrough)
branch  1 taken 38%
branch  2 taken 40% (fallthrough)
branch  3 taken 60%
        -:  745:  {
        5:  746:      return -1;
        -:  747:  }
        -:  748:
        3:  749:  if (mineChoiceTwo > treasure_map || mineChoiceTwo < curse)
branch  0 taken 100% (fallthrough)
branch  1 taken 0%
branch  2 taken 0% (fallthrough)
branch  3 taken 100%
        -:  750:  {
    #####:  751:      return -1;
        -:  752:  }
        -:  753:
        3:  754:  if ( (getCost(state->hand[currentPlayer][mineChoiceOne]) + 3) > getCost(mineChoiceTwo) )
call    0 returned 100%
call    1 returned 100%
branch  2 taken 100% (fallthrough)
branch  3 taken 0%
        -:  755:  {
        3:  756:      return -1;
        -:  757:  }
        -:  758:
    #####:  759:  gainCard(mineChoiceTwo, state, 2, currentPlayer);
call    0 never executed
        -:  760:
        -:  761:  //discard card from hand
    #####:  762:  discardCard(handPos, currentPlayer, state, 0);
call    0 never executed
        -:  763:
        -:  764:  //discard trashed card
    #####:  765:  for (i = 0; i < state->handCount[currentPlayer]; i++)
branch  0 never executed
branch  1 never executed
        -:  766:  {
    #####:  767:      if (state->hand[currentPlayer][i] == j)
branch  0 never executed
branch  1 never executed
        -:  768:      {
    #####:  769:          discardCard(i, currentPlayer, state, 0);
call    0 never executed
        -:  770:      }
        -:  771:  }
        -:  772:
    #####:  773:  return 0;
        -:  774:}
        -:  775:
function minionCardEffect called 2 returned 100% blocks executed 73%
        2:  776:int minionCardEffect(int handPos, int currentPlayer, int minionChoiceOne, int minionChoiceTwo, struct gameState * state){
        -:  777:  int i;
        -:  778:  int j;
        -:  779:  //+1 action
        2:  780:  state->numActions++;
        -:  781:
        -:  782:  //discard card from hand
        2:  783:  discardCard(handPos, currentPlayer, state, 0);
call    0 returned 100%
        -:  784:
        2:  785:  if (minionChoiceOne)
branch  0 taken 50% (fallthrough)
branch  1 taken 50%
        -:  786:  {
        1:  787:      state->coins = state->coins + 2;
        -:  788:  }
        1:  789:  else if (minionChoiceTwo)		//discard hand, redraw 4, other players with 5+ cards discard hand and draw 4
branch  0 taken 100% (fallthrough)
branch  1 taken 0%
        -:  790:  {
        -:  791:      //discard hand
        5:  792:      while(numHandCards(state) > 0)
call    0 returned 100%
branch  1 taken 75%
branch  2 taken 25% (fallthrough)
        -:  793:      {
        3:  794:          discardCard(handPos, currentPlayer, state, 0);
call    0 returned 100%
        -:  795:  //  Breaking Bug Introduced      return 0;
        -:  796:      }
        -:  797:
        -:  798:      //draw 4
        5:  799:      for (i = 0; i < 4; i++)
branch  0 taken 80%
branch  1 taken 20% (fallthrough)
        -:  800:      {
        4:  801:          drawCard(currentPlayer, state);
call    0 returned 100%
        -:  802:      }
        -:  803:
        -:  804:      //other players discard hand and redraw if hand size > 4
        3:  805:      for (i = 0; i < state->numPlayers; i++)
branch  0 taken 67%
branch  1 taken 33% (fallthrough)
        -:  806:      {
        2:  807:          if (i == currentPlayer)
branch  0 taken 50% (fallthrough)
branch  1 taken 50%
        -:  808:          {
        1:  809:              if ( state->handCount[i] >= 4 )
branch  0 taken 0% (fallthrough)
branch  1 taken 100%
        -:  810:              {
        -:  811:                  //discard hand
    #####:  812:                  while( state->handCount[i] > 0 )
branch  0 never executed
branch  1 never executed
        -:  813:                  {
    #####:  814:                      discardCard(handPos, i, state, 0);
call    0 never executed
        -:  815:                  }
        -:  816:
        -:  817:                  //draw 4
    #####:  818:                  for (j = 0; j < 4; j++)
branch  0 never executed
branch  1 never executed
        -:  819:                  {
    #####:  820:                      drawCard(i, state);
call    0 never executed
        -:  821:                  }
        -:  822:              }
        -:  823:          }
        -:  824:      }
        -:  825:
        -:  826:  }
        2:  827:  return 0;
        -:  828:}
        -:  829:
function ambassadorCardEffect called 0 returned 0% blocks executed 0%
    #####:  830:int ambassadorCardEffect(int ambassadorChoiceOne, int ambassadorChoiceTwo, int currentPlayer, int handPos, struct gameState *state){
        -:  831:
        -:  832:  int i;
    #####:  833:  int j = 0;		//used to check if player has enough cards to discard
        -:  834:
    #####:  835:  if (ambassadorChoiceTwo > 2 || ambassadorChoiceTwo < 0)
branch  0 never executed
branch  1 never executed
branch  2 never executed
branch  3 never executed
        -:  836:  {
    #####:  837:      return -1;
        -:  838:  }
        -:  839:
    #####:  840:  if (ambassadorChoiceOne == handPos)
branch  0 never executed
branch  1 never executed
        -:  841:  {
    #####:  842:      return -1;
        -:  843:  }
        -:  844:
    #####:  845:  for (i = 0; i < state->handCount[currentPlayer]; i++)
branch  0 never executed
branch  1 never executed
        -:  846:  {
    #####:  847:      if (i != handPos && i == state->hand[currentPlayer][ambassadorChoiceOne] && i != ambassadorChoiceOne)
branch  0 never executed
branch  1 never executed
branch  2 never executed
branch  3 never executed
branch  4 never executed
branch  5 never executed
        -:  848:      {
    #####:  849:          j++;
        -:  850:      }
        -:  851:  }
    #####:  852:  if (j <= ambassadorChoiceTwo)
branch  0 never executed
branch  1 never executed
        -:  853:  {
    #####:  854:      return -1;
        -:  855:  }
        -:  856:
        -:  857:  if (DEBUG)
        -:  858:      printf("Player %d reveals card number: %d\n", currentPlayer, state->hand[currentPlayer][ambassadorChoiceOne]);
        -:  859:
        -:  860:  //increase supply count for choosen card by amount being discarded
    #####:  861:  state->supplyCount[state->hand[currentPlayer][ambassadorChoiceOne]] += ambassadorChoiceTwo;
        -:  862:
        -:  863:  //each other player gains a copy of revealed card
    #####:  864:  for (i = 0; i < state->numPlayers; i++)
branch  0 never executed
branch  1 never executed
        -:  865:  {
    #####:  866:      if (i != currentPlayer)
branch  0 never executed
branch  1 never executed
        -:  867:      {
    #####:  868:          gainCard(state->hand[currentPlayer][ambassadorChoiceOne], state, 0, i);
call    0 never executed
        -:  869:      }
        -:  870:  }
        -:  871:
        -:  872:  //discard played card from hand
    #####:  873:  discardCard(handPos, currentPlayer, state, 0);
call    0 never executed
        -:  874:
        -:  875:  //trash copies of cards returned to supply
    #####:  876:  for (j = 0; j < ambassadorChoiceTwo; j++)
branch  0 never executed
branch  1 never executed
        -:  877:  {
    #####:  878:      for (i = 0; i < state->handCount[currentPlayer]; i++)
branch  0 never executed
branch  1 never executed
        -:  879:      {
    #####:  880:          if (state->hand[currentPlayer][i] == state->hand[currentPlayer][ambassadorChoiceOne])
branch  0 never executed
branch  1 never executed
        -:  881:          {
    #####:  882:              discardCard(i, currentPlayer, state, 1);
call    0 never executed
    #####:  883:              break;
        -:  884:          }
        -:  885:      }
        -:  886:  }
        -:  887:
    #####:  888:  return 0;
        -:  889:}
        -:  890:
function tributeCardEffect called 0 returned 0% blocks executed 0%
    #####:  891:int tributeCardEffect(int nextPlayer, int currentPlayer, struct gameState *state){
        -:  892:  int i;
        -:  893:  int j;
    #####:  894:  int tributeRevealedCards[2] = {-1, -1};
    #####:  895:  if ((state->discardCount[nextPlayer] + state->deckCount[nextPlayer]) <= 1) {
branch  0 never executed
branch  1 never executed
    #####:  896:      if (state->deckCount[nextPlayer] > 0) {
branch  0 never executed
branch  1 never executed
    #####:  897:          tributeRevealedCards[0] = state->deck[nextPlayer][state->deckCount[nextPlayer]-1];
    #####:  898:          state->deckCount[nextPlayer]--;
        -:  899:      }
    #####:  900:      else if (state->discardCount[nextPlayer] > 0) {
branch  0 never executed
branch  1 never executed
    #####:  901:          tributeRevealedCards[0] = state->discard[nextPlayer][state->discardCount[nextPlayer]-1];
    #####:  902:          state->discardCount[nextPlayer]--;
        -:  903:      }
        -:  904:      else {
        -:  905:          //No Card to Reveal
        -:  906:          if (DEBUG) {
        -:  907:              printf("No cards to reveal\n");
        -:  908:          }
        -:  909:      }
        -:  910:  }
        -:  911:
        -:  912:  else {
    #####:  913:      if (state->deckCount[nextPlayer] == 0) {
branch  0 never executed
branch  1 never executed
    #####:  914:          for (i = 0; i < state->discardCount[nextPlayer]; i++) {
branch  0 never executed
branch  1 never executed
    #####:  915:              state->deck[nextPlayer][i] = state->discard[nextPlayer][i];//Move to deck
    #####:  916:              state->deckCount[currentPlayer]++;
    #####:  917:              state->discard[nextPlayer][i] = -1;
    #####:  918:              state->discardCount[nextPlayer]--;
        -:  919:          }
        -:  920:
    #####:  921:          shuffle(nextPlayer,state);//Shuffle the deck
call    0 never executed
        -:  922:      }
    #####:  923:      tributeRevealedCards[0] = state->deck[nextPlayer][state->deckCount[nextPlayer]-1];
    #####:  924:      state->deck[nextPlayer][state->deckCount[nextPlayer]--] = -1;
    #####:  925:      state->deckCount[nextPlayer]--;
    #####:  926:      tributeRevealedCards[1] = state->deck[nextPlayer][state->deckCount[nextPlayer]-1];
    #####:  927:      state->deck[nextPlayer][state->deckCount[nextPlayer]--] = -1;
    #####:  928:      state->deckCount[nextPlayer]--;
        -:  929:  }
        -:  930:
    #####:  931:  if (tributeRevealedCards[0] == tributeRevealedCards[1]) { //If we have a duplicate card, just drop one
branch  0 never executed
branch  1 never executed
    #####:  932:      state->playedCards[state->playedCardCount] = tributeRevealedCards[1];
    #####:  933:      state->playedCardCount++;
    #####:  934:      tributeRevealedCards[1] = -1;
        -:  935:  }
        -:  936:
    #####:  937:  for (i = 0; i <= 2; i ++) {
branch  0 never executed
branch  1 never executed
    #####:  938:      if (tributeRevealedCards[i] == copper || tributeRevealedCards[i] == silver || tributeRevealedCards[i] == gold) { //Treasure cards
branch  0 never executed
branch  1 never executed
branch  2 never executed
branch  3 never executed
branch  4 never executed
branch  5 never executed
    #####:  939:          state->coins += 2;
        -:  940:      }
        -:  941:
    #####:  942:      else if (tributeRevealedCards[i] == estate || tributeRevealedCards[i] == duchy || tributeRevealedCards[i] == province || tributeRevealedCards[i] == gardens || tributeRevealedCards[i] == great_hall) { //Victory Card Found
branch  0 never executed
branch  1 never executed
branch  2 never executed
branch  3 never executed
branch  4 never executed
branch  5 never executed
branch  6 never executed
branch  7 never executed
branch  8 never executed
branch  9 never executed
    #####:  943:        for (j = 0; j <= 2; j++){
branch  0 never executed
branch  1 never executed
    #####:  944:            drawCard(currentPlayer, state);
call    0 never executed
        -:  945:        }
        -:  946:      }
        -:  947:      else { //Action Card
    #####:  948:          state->numActions = state->numActions + 2;
        -:  949:      }
        -:  950:  }
        -:  951:
    #####:  952:  return 0;
        -:  953:}
        -:  954:
function cardEffect called 0 returned 0% blocks executed 0%
    #####:  955:int cardEffect(int card, int choice1, int choice2, int choice3, struct gameState *state, int handPos, int *bonus)
        -:  956:{
        -:  957:    int i;
        -:  958:    int j;
        -:  959:    int k;
        -:  960:    int x;
        -:  961:    int index;
    #####:  962:    int currentPlayer = whoseTurn(state);
call    0 never executed
    #####:  963:    int nextPlayer = currentPlayer + 1;
        -:  964:
        -:  965:    int temphand[MAX_HAND];// moved above the if statement
    #####:  966:    int drawntreasure=0;
        -:  967:    int cardDrawn;
    #####:  968:    int z = 0;// this is the counter for the temp hand
    #####:  969:    if (nextPlayer > (state->numPlayers - 1)) {
branch  0 never executed
branch  1 never executed
    #####:  970:        nextPlayer = 0;
        -:  971:    }
        -:  972:
        -:  973:
        -:  974:    //uses switch to select card and perform actions
    #####:  975:    switch( card )
branch  0 never executed
branch  1 never executed
branch  2 never executed
branch  3 never executed
branch  4 never executed
branch  5 never executed
branch  6 never executed
branch  7 never executed
branch  8 never executed
branch  9 never executed
branch 10 never executed
branch 11 never executed
branch 12 never executed
branch 13 never executed
branch 14 never executed
branch 15 never executed
branch 16 never executed
branch 17 never executed
branch 18 never executed
branch 19 never executed
branch 20 never executed
        -:  976:    {
        -:  977:    case adventurer:
    #####:  978:        while(drawntreasure<2) {
branch  0 never executed
branch  1 never executed
    #####:  979:            if (state->deckCount[currentPlayer] <1) { //if the deck is empty we need to shuffle discard and add to deck
branch  0 never executed
branch  1 never executed
    #####:  980:                shuffle(currentPlayer, state);
call    0 never executed
        -:  981:            }
    #####:  982:            drawCard(currentPlayer, state);
call    0 never executed
    #####:  983:            cardDrawn = state->hand[currentPlayer][state->handCount[currentPlayer]-1];//top card of hand is most recently drawn card.
    #####:  984:            if (cardDrawn == copper || cardDrawn == silver || cardDrawn == gold)
branch  0 never executed
branch  1 never executed
branch  2 never executed
branch  3 never executed
branch  4 never executed
branch  5 never executed
    #####:  985:                drawntreasure++;
        -:  986:            else {
    #####:  987:                temphand[z]=cardDrawn;
    #####:  988:                state->handCount[currentPlayer]--; //this should just remove the top card (the most recently drawn one).
    #####:  989:                z++;
        -:  990:            }
        -:  991:        }
    #####:  992:        while(z-1>=0) {
branch  0 never executed
branch  1 never executed
    #####:  993:            state->discard[currentPlayer][state->discardCount[currentPlayer]++]=temphand[z-1]; // discard all cards in play that have been drawn
    #####:  994:            z=z-1;
        -:  995:        }
    #####:  996:        return 0;
        -:  997:
        -:  998:    case council_room:
        -:  999:        //+4 Cards
    #####: 1000:        for (i = 0; i < 4; i++)
branch  0 never executed
branch  1 never executed
        -: 1001:        {
    #####: 1002:            drawCard(currentPlayer, state);
call    0 never executed
        -: 1003:        }
        -: 1004:
        -: 1005:        //+1 Buy
    #####: 1006:        state->numBuys++;
        -: 1007:
        -: 1008:        //Each other player draws a card
    #####: 1009:        for (i = 0; i < state->numPlayers; i++)
branch  0 never executed
branch  1 never executed
        -: 1010:        {
    #####: 1011:            if ( i != currentPlayer )
branch  0 never executed
branch  1 never executed
        -: 1012:            {
    #####: 1013:                drawCard(i, state);
call    0 never executed
        -: 1014:            }
        -: 1015:        }
        -: 1016:
        -: 1017:        //put played card in played card pile
    #####: 1018:        discardCard(handPos, currentPlayer, state, 0);
call    0 never executed
        -: 1019:
    #####: 1020:        return 0;
        -: 1021:
        -: 1022:    case feast:
        -: 1023:        //gain card with cost up to 5
        -: 1024:        //Backup hand
    #####: 1025:        for (i = 0; i <= state->handCount[currentPlayer]; i++) {
branch  0 never executed
branch  1 never executed
    #####: 1026:            temphand[i] = state->hand[currentPlayer][i];//Backup card
    #####: 1027:            state->hand[currentPlayer][i] = -1;//Set to nothing
        -: 1028:        }
        -: 1029:        //Backup hand
        -: 1030:
        -: 1031:        //Update Coins for Buy
    #####: 1032:        updateCoins(currentPlayer, state, 5);
call    0 never executed
    #####: 1033:        x = 1;//Condition to loop on
    #####: 1034:        while( x == 1) {//Buy one card
branch  0 never executed
branch  1 never executed
    #####: 1035:            if (supplyCount(choice1, state) <= 0) {
call    0 never executed
branch  1 never executed
branch  2 never executed
        -: 1036:                if (DEBUG)
        -: 1037:                    printf("None of that card left, sorry!\n");
        -: 1038:
        -: 1039:                if (DEBUG) {
        -: 1040:                    printf("Cards Left: %d\n", supplyCount(choice1, state));
        -: 1041:                }
        -: 1042:            }
    #####: 1043:            else if (state->coins < getCost(choice1)) {
call    0 never executed
branch  1 never executed
branch  2 never executed
    #####: 1044:                printf("That card is too expensive!\n");
call    0 never executed
        -: 1045:
        -: 1046:                if (DEBUG) {
        -: 1047:                    printf("Coins: %d < %d\n", state->coins, getCost(choice1));
        -: 1048:                }
        -: 1049:            }
        -: 1050:            else {
        -: 1051:
        -: 1052:                if (DEBUG) {
        -: 1053:                    printf("Deck Count: %d\n", state->handCount[currentPlayer] + state->deckCount[currentPlayer] + state->discardCount[currentPlayer]);
        -: 1054:                }
        -: 1055:
    #####: 1056:                gainCard(choice1, state, 0, currentPlayer);//Gain the card
call    0 never executed
    #####: 1057:                x = 0;//No more buying cards
        -: 1058:
        -: 1059:                if (DEBUG) {
        -: 1060:                    printf("Deck Count: %d\n", state->handCount[currentPlayer] + state->deckCount[currentPlayer] + state->discardCount[currentPlayer]);
        -: 1061:                }
        -: 1062:
        -: 1063:            }
        -: 1064:        }
        -: 1065:
        -: 1066:        //Reset Hand
    #####: 1067:        for (i = 0; i <= state->handCount[currentPlayer]; i++) {
branch  0 never executed
branch  1 never executed
    #####: 1068:            state->hand[currentPlayer][i] = temphand[i];
    #####: 1069:            temphand[i] = -1;
        -: 1070:        }
        -: 1071:        //Reset Hand
        -: 1072:
    #####: 1073:        return 0;
        -: 1074:
        -: 1075:    case gardens:
    #####: 1076:        return -1;
        -: 1077:
        -: 1078:    case mine:
    #####: 1079:        return mineCardEffect(choice1, choice2, currentPlayer, handPos, state);
call    0 never executed
        -: 1080:
        -: 1081:    case remodel:
    #####: 1082:        j = state->hand[currentPlayer][choice1];  //store card we will trash
        -: 1083:
    #####: 1084:        if ( (getCost(state->hand[currentPlayer][choice1]) + 2) > getCost(choice2) )
call    0 never executed
call    1 never executed
branch  2 never executed
branch  3 never executed
        -: 1085:        {
    #####: 1086:            return -1;
        -: 1087:        }
        -: 1088:
    #####: 1089:        gainCard(choice2, state, 0, currentPlayer);
call    0 never executed
        -: 1090:
        -: 1091:        //discard card from hand
    #####: 1092:        discardCard(handPos, currentPlayer, state, 0);
call    0 never executed
        -: 1093:
        -: 1094:        //discard trashed card
    #####: 1095:        for (i = 0; i < state->handCount[currentPlayer]; i++)
branch  0 never executed
branch  1 never executed
        -: 1096:        {
    #####: 1097:            if (state->hand[currentPlayer][i] == j)
branch  0 never executed
branch  1 never executed
        -: 1098:            {
    #####: 1099:                discardCard(i, currentPlayer, state, 0);
call    0 never executed
    #####: 1100:                break;
        -: 1101:            }
        -: 1102:        }
        -: 1103:
        -: 1104:
    #####: 1105:        return 0;
        -: 1106:
        -: 1107:    case smithy:
        -: 1108:        //+3 Cards
    #####: 1109:        for (i = 0; i < 3; i++)
branch  0 never executed
branch  1 never executed
        -: 1110:        {
    #####: 1111:            drawCard(currentPlayer, state);
call    0 never executed
        -: 1112:        }
        -: 1113:
        -: 1114:        //discard card from hand
    #####: 1115:        discardCard(handPos, currentPlayer, state, 0);
call    0 never executed
    #####: 1116:        return 0;
        -: 1117:
        -: 1118:    case village:
        -: 1119:        //+1 Card
    #####: 1120:        drawCard(currentPlayer, state);
call    0 never executed
        -: 1121:
        -: 1122:        //+2 Actions
    #####: 1123:        state->numActions = state->numActions + 2;
        -: 1124:
        -: 1125:        //discard played card from hand
    #####: 1126:        discardCard(handPos, currentPlayer, state, 0);
call    0 never executed
    #####: 1127:        return 0;
        -: 1128:
        -: 1129:    case baron:
    #####: 1130:        return baronCardEffect(choice1, state, currentPlayer);
call    0 never executed
        -: 1131:
        -: 1132:    case great_hall:
        -: 1133:        //+1 Card
    #####: 1134:        drawCard(currentPlayer, state);
call    0 never executed
        -: 1135:
        -: 1136:        //+1 Actions
    #####: 1137:        state->numActions++;
        -: 1138:
        -: 1139:        //discard card from hand
    #####: 1140:        discardCard(handPos, currentPlayer, state, 0);
call    0 never executed
    #####: 1141:        return 0;
        -: 1142:
        -: 1143:    case minion:
    #####: 1144:        return minionCardEffect(handPos, currentPlayer, choice1, choice2, state);
call    0 never executed
        -: 1145:
        -: 1146:    case steward:
    #####: 1147:        if (choice1 == 1)
branch  0 never executed
branch  1 never executed
        -: 1148:        {
        -: 1149:            //+2 cards
    #####: 1150:            drawCard(currentPlayer, state);
call    0 never executed
    #####: 1151:            drawCard(currentPlayer, state);
call    0 never executed
        -: 1152:        }
    #####: 1153:        else if (choice1 == 2)
branch  0 never executed
branch  1 never executed
        -: 1154:        {
        -: 1155:            //+2 coins
    #####: 1156:            state->coins = state->coins + 2;
        -: 1157:        }
        -: 1158:        else
        -: 1159:        {
        -: 1160:            //trash 2 cards in hand
    #####: 1161:            discardCard(choice2, currentPlayer, state, 1);
call    0 never executed
    #####: 1162:            discardCard(choice3, currentPlayer, state, 1);
call    0 never executed
        -: 1163:        }
        -: 1164:
        -: 1165:        //discard card from hand
    #####: 1166:        discardCard(handPos, currentPlayer, state, 0);
call    0 never executed
    #####: 1167:        return 0;
        -: 1168:
        -: 1169:    case tribute:
    #####: 1170:        return tributeCardEffect(nextPlayer, currentPlayer, state);
call    0 never executed
        -: 1171:
        -: 1172:    case ambassador:
    #####: 1173:        return ambassadorCardEffect(choice1, choice2, currentPlayer, handPos, state);
call    0 never executed
        -: 1174:
        -: 1175:    case cutpurse:
        -: 1176:
    #####: 1177:        updateCoins(currentPlayer, state, 2);
call    0 never executed
    #####: 1178:        for (i = 0; i < state->numPlayers; i++)
branch  0 never executed
branch  1 never executed
        -: 1179:        {
    #####: 1180:            if (i != currentPlayer)
branch  0 never executed
branch  1 never executed
        -: 1181:            {
    #####: 1182:                for (j = 0; j < state->handCount[i]; j++)
branch  0 never executed
branch  1 never executed
        -: 1183:                {
    #####: 1184:                    if (state->hand[i][j] == copper)
branch  0 never executed
branch  1 never executed
        -: 1185:                    {
    #####: 1186:                        discardCard(j, i, state, 0);
call    0 never executed
    #####: 1187:                        break;
        -: 1188:                    }
    #####: 1189:                    if (j == state->handCount[i])
branch  0 never executed
branch  1 never executed
        -: 1190:                    {
    #####: 1191:                        for (k = 0; k < state->handCount[i]; k++)
branch  0 never executed
branch  1 never executed
        -: 1192:                        {
        -: 1193:                            if (DEBUG)
        -: 1194:                                printf("Player %d reveals card number %d\n", i, state->hand[i][k]);
        -: 1195:                        }
    #####: 1196:                        break;
        -: 1197:                    }
        -: 1198:                }
        -: 1199:
        -: 1200:            }
        -: 1201:
        -: 1202:        }
        -: 1203:
        -: 1204:        //discard played card from hand
    #####: 1205:        discardCard(handPos, currentPlayer, state, 0);
call    0 never executed
        -: 1206:
    #####: 1207:        return 0;
        -: 1208:
        -: 1209:
        -: 1210:    case embargo:
        -: 1211:        //+2 Coins
    #####: 1212:        state->coins = state->coins + 2;
        -: 1213:
        -: 1214:        //see if selected pile is in play
    #####: 1215:        if ( state->supplyCount[choice1] == -1 )
branch  0 never executed
branch  1 never executed
        -: 1216:        {
    #####: 1217:            return -1;
        -: 1218:        }
        -: 1219:
        -: 1220:        //add embargo token to selected supply pile
    #####: 1221:        state->embargoTokens[choice1]++;
        -: 1222:
        -: 1223:        //trash card
    #####: 1224:        discardCard(handPos, currentPlayer, state, 1);
call    0 never executed
    #####: 1225:        return 0;
        -: 1226:
        -: 1227:    case outpost:
        -: 1228:        //set outpost flag
    #####: 1229:        state->outpostPlayed++;
        -: 1230:
        -: 1231:        //discard card
    #####: 1232:        discardCard(handPos, currentPlayer, state, 0);
call    0 never executed
    #####: 1233:        return 0;
        -: 1234:
        -: 1235:    case salvager:
        -: 1236:        //+1 buy
    #####: 1237:        state->numBuys++;
        -: 1238:
    #####: 1239:        if (choice1)
branch  0 never executed
branch  1 never executed
        -: 1240:        {
        -: 1241:            //gain coins equal to trashed card
    #####: 1242:            state->coins = state->coins + getCost( handCard(choice1, state) );
call    0 never executed
call    1 never executed
        -: 1243:            //trash card
    #####: 1244:            discardCard(choice1, currentPlayer, state, 1);
call    0 never executed
        -: 1245:        }
        -: 1246:
        -: 1247:        //discard card
    #####: 1248:        discardCard(handPos, currentPlayer, state, 0);
call    0 never executed
    #####: 1249:        return 0;
        -: 1250:
        -: 1251:    case sea_hag:
    #####: 1252:        for (i = 0; i < state->numPlayers; i++) {
branch  0 never executed
branch  1 never executed
    #####: 1253:            if (i != currentPlayer) {
branch  0 never executed
branch  1 never executed
    #####: 1254:                state->discard[i][state->discardCount[i]] = state->deck[i][state->deckCount[i]--];
    #####: 1255:                state->deckCount[i]--;
    #####: 1256:                state->discardCount[i]++;
    #####: 1257:                state->deck[i][state->deckCount[i]--] = curse;//Top card now a curse
        -: 1258:            }
        -: 1259:        }
    #####: 1260:        return 0;
        -: 1261:
        -: 1262:    case treasure_map:
        -: 1263:        //search hand for another treasure_map
    #####: 1264:        index = -1;
    #####: 1265:        for (i = 0; i < state->handCount[currentPlayer]; i++)
branch  0 never executed
branch  1 never executed
        -: 1266:        {
    #####: 1267:            if (state->hand[currentPlayer][i] == treasure_map && i != handPos)
branch  0 never executed
branch  1 never executed
branch  2 never executed
branch  3 never executed
        -: 1268:            {
    #####: 1269:                index = i;
    #####: 1270:                break;
        -: 1271:            }
        -: 1272:        }
    #####: 1273:        if (index > -1)
branch  0 never executed
branch  1 never executed
        -: 1274:        {
        -: 1275:            //trash both treasure cards
    #####: 1276:            discardCard(handPos, currentPlayer, state, 1);
call    0 never executed
    #####: 1277:            discardCard(index, currentPlayer, state, 1);
call    0 never executed
        -: 1278:
        -: 1279:            //gain 4 Gold cards
    #####: 1280:            for (i = 0; i < 4; i++)
branch  0 never executed
branch  1 never executed
        -: 1281:            {
    #####: 1282:                gainCard(gold, state, 1, currentPlayer);
call    0 never executed
        -: 1283:            }
        -: 1284:
        -: 1285:            //return success
    #####: 1286:            return 1;
        -: 1287:        }
        -: 1288:
        -: 1289:        //no second treasure_map found in hand
    #####: 1290:        return -1;
        -: 1291:    }
        -: 1292:
    #####: 1293:    return -1;
        -: 1294:}
        -: 1295:
function discardCard called 5 returned 100% blocks executed 100%
        5: 1296:int discardCard(int handPos, int currentPlayer, struct gameState *state, int trashFlag)
        -: 1297:{
        -: 1298:
        -: 1299:    //if card is not trashed, added to Played pile
        5: 1300:    if (trashFlag < 1)
branch  0 taken 100% (fallthrough)
branch  1 taken 0%
        -: 1301:    {
        -: 1302:        //add card to played pile
        5: 1303:        state->playedCards[state->playedCardCount] = state->hand[currentPlayer][handPos];
        5: 1304:        state->playedCardCount++;
        -: 1305:    }
        -: 1306:
        -: 1307:    //set played card to -1
        5: 1308:    state->hand[currentPlayer][handPos] = -1;
        -: 1309:
        -: 1310:    //remove card from player's hand
        5: 1311:    if ( handPos == (state->handCount[currentPlayer] - 1) ) 	//last card in hand array is played
branch  0 taken 20% (fallthrough)
branch  1 taken 80%
        -: 1312:    {
        -: 1313:        //reduce number of cards in hand
        1: 1314:        state->handCount[currentPlayer]--;
        -: 1315:    }
        4: 1316:    else if ( state->handCount[currentPlayer] == 1 ) //only one card in hand
branch  0 taken 25% (fallthrough)
branch  1 taken 75%
        -: 1317:    {
        -: 1318:        //reduce number of cards in hand
        1: 1319:        state->handCount[currentPlayer]--;
        -: 1320:    }
        -: 1321:    else
        -: 1322:    {
        -: 1323:        //replace discarded card with last card in hand
        3: 1324:        state->hand[currentPlayer][handPos] = state->hand[currentPlayer][ (state->handCount[currentPlayer] - 1)];
        -: 1325:        //set last card to -1
        3: 1326:        state->hand[currentPlayer][state->handCount[currentPlayer] - 1] = -1;
        -: 1327:        //reduce number of cards in hand
        3: 1328:        state->handCount[currentPlayer]--;
        -: 1329:    }
        -: 1330:
        5: 1331:    return 0;
        -: 1332:}
        -: 1333:
function gainCard called 0 returned 0% blocks executed 0%
    #####: 1334:int gainCard(int supplyPos, struct gameState *state, int toFlag, int player)
        -: 1335:{
        -: 1336:    //Note: supplyPos is enum of choosen card
        -: 1337:
        -: 1338:    //check if supply pile is empty (0) or card is not used in game (-1)
    #####: 1339:    if ( supplyCount(supplyPos, state) < 1 )
call    0 never executed
branch  1 never executed
branch  2 never executed
        -: 1340:    {
    #####: 1341:        return -1;
        -: 1342:    }
        -: 1343:
        -: 1344:    //added card for [whoseTurn] current player:
        -: 1345:    // toFlag = 0 : add to discard
        -: 1346:    // toFlag = 1 : add to deck
        -: 1347:    // toFlag = 2 : add to hand
        -: 1348:
    #####: 1349:    if (toFlag == 1)
branch  0 never executed
branch  1 never executed
        -: 1350:    {
    #####: 1351:        state->deck[ player ][ state->deckCount[player] ] = supplyPos;
    #####: 1352:        state->deckCount[player]++;
        -: 1353:    }
    #####: 1354:    else if (toFlag == 2)
branch  0 never executed
branch  1 never executed
        -: 1355:    {
    #####: 1356:        state->hand[ player ][ state->handCount[player] ] = supplyPos;
    #####: 1357:        state->handCount[player]++;
        -: 1358:    }
        -: 1359:    else
        -: 1360:    {
    #####: 1361:        state->discard[player][ state->discardCount[player] ] = supplyPos;
    #####: 1362:        state->discardCount[player]++;
        -: 1363:    }
        -: 1364:
        -: 1365:    //decrease number in supply pile
    #####: 1366:    state->supplyCount[supplyPos]--;
        -: 1367:
    #####: 1368:    return 0;
        -: 1369:}
        -: 1370:
function updateCoins called 0 returned 0% blocks executed 0%
    #####: 1371:int updateCoins(int player, struct gameState *state, int bonus)
        -: 1372:{
        -: 1373:    int i;
        -: 1374:
        -: 1375:    //reset coin count
    #####: 1376:    state->coins = 0;
        -: 1377:
        -: 1378:    //add coins for each Treasure card in player's hand
    #####: 1379:    for (i = 0; i < state->handCount[player]; i++)
branch  0 never executed
branch  1 never executed
        -: 1380:    {
    #####: 1381:        if (state->hand[player][i] == copper)
branch  0 never executed
branch  1 never executed
        -: 1382:        {
    #####: 1383:            state->coins += 1;
        -: 1384:        }
    #####: 1385:        else if (state->hand[player][i] == silver)
branch  0 never executed
branch  1 never executed
        -: 1386:        {
    #####: 1387:            state->coins += 2;
        -: 1388:        }
    #####: 1389:        else if (state->hand[player][i] == gold)
branch  0 never executed
branch  1 never executed
        -: 1390:        {
    #####: 1391:            state->coins += 3;
        -: 1392:        }
        -: 1393:    }
        -: 1394:
        -: 1395:    //add bonus
    #####: 1396:    state->coins += bonus;
        -: 1397:
    #####: 1398:    return 0;
        -: 1399:}
        -: 1400:
        -: 1401:
        -: 1402://end of dominion.c
